3 0 24 247
13 54 13 107 122 117 152 59 43 256 251 94 84 132
4 116 99 260 290
2 167 223
4 180 80 134 210
8 216 72 155 142 297 69 189 175
2 34 18
4 168 75 161 171
3 212 136 169
4 275 148 218 60
2 41 7
1 87
7 85 259 133 193 135 149 2
2 184 129
5 296 127 95 227 19
3 249 263 21
6 88 294 62 58 125 47
2 108 110
3 164 299 273
3 8 156 44
2 103 286
1 4
1 162
1 159
1 246
6 203 53 121 82 207 109
1 276
1 220
4 92 105 198 39
1 137
7 285 261 214 68 158 67 30
1 150
3 15 113 202
2 225 61
3 144 224 277
3 74 32 146
2 187 222
6 56 239 170 35 66 262
3 38 281 29
4 63 157 70 154
3 213 264 37
1 57
2 267 91
5 200 174 244 14 26
1 245
2 79 230
3 226 243 182
1 232
2 166 177
3 96 229 9
4 188 50 3 126
1 282
2 102 172
1 28
5 284 209 6 250 211
3 128 1 183
6 40 64 101 5 242 255
2 241 17
3 204 143 52
4 217 27 279 173
4 185 46 153 130
2 271 270
1 254
2 295 178
2 11 237
5 111 231 240 278 274
3 258 120 165
4 89 163 90 124
1 268
5 236 71 206 233 123
1 86
6 253 140 45 104 215 97
1 298
2 191 194
5 197 235 141 280 186
2 160 283
4 23 119 289 192
2 73 93
1 22
4 195 201 51 176
2 114 81
2 48 257
1 269
1 42
1 147
4 190 248 292 228
2 76 139
2 10 118
1 131
2 25 151
4 83 98 196 238
3 287 199 55
3 138 265 31
2 16 49
5 181 145 252 288 272
2 205 266
2 291 115
3 112 106 78
6 219 12 100 293 208 77
1 20