1 42
1 187
1 295
1 306
1 333
1 389
1 493
1 691
1 835
1 1134
1 1179
1 1408
1 1434
1 1711
1 1785
1 1808
1 1959
1 2098
1 2139
1 2150
1 2223
1 2234
1 2368
1 2440
1 2446
1 2586
1 2600
1 2603
1 2635
1 2734
1 2758
1 2772
1 2822
1 2849
1 2921
1 2922
1 3039
1 3042
1 3060
2 3117 327
1 3153
1 3183
1 3190
1 3249
1 3425
1 3448
1 3516
1 3592
1 3660
1 3883
1 4114
2 4115 1566
1 4172
1 4904
1 4967
1 5260
1 5266
1 5371
1 5455
1 5588
1 5604
1 5634
1 5876
1 5959
1 6056
1 6096
1 6130
1 6198
1 6261
1 6340
1 6440
2 6599 2717
1 6613
1 6781
1 6812
1 6885
2 6933 4764
1 7080
1 7136
1 7245
2 7318 3016
1 7320
1 7418
1 7643
1 7678
1 7833
1 7851
1 8033
1 8103
1 8172
1 8450
1 8544
1 8725
1 8854
1 8980
1 9053
2 9058 4611
1 9141
1 9145
1 9151
1 9351
1 9581
1 9670
1 9738
1 9822
1 9832
1 9861
1 9475
1 7277
1 9392
1 45
1 156
1 2995
2 3187 719
1 3216
1 4052
1 4935
1 8598
1 681
1 4189
1 102
1 6428
1 7849
1 5835
1 5482
1 9106
1 8044
1 7138
1 6570
1 4467
1 9413
1 3491
1 6430
1 2870
1 6229
1 9159
1 9168
1 3873
1 4065
1 3636
1 2584
1 577
1 4182
1 3831
1 9371
1 4891
1 4768
1 8078
1 1717
1 9191
1 7653
1 3922
1 8858
1 9888
1 5254
1 8141
1 8786
1 586
1 7576
1 7883
1 8424
1 1574
1 8220
1 3590
1 2265
0
0
0
0
0
0
0
0
0
0
0
0
0
0
0
0
0
0
0
0
0
0
0
0
0
0
0
0
0
0
0
0
0
0
0
0
0
0
0
0
0
0
0
0
0
0
0
0
0
0
0
0
0
0
0
0
0
0
0
0
0
0
0
0
0
0
0
0
0
0
0
0
0
0
0
0
0
0
0
0
0
0
0
0
0
0
0
0
0
0
0
0
0
0
0
0
0
0
0
0
0
0
0
0
0
0
0
0
0
0
0
0
0
0
0
0
0
0
0
0
0
0
0
0
0
0
0
0
0
0
0
0
0
0
0
0
0
0
0
0
0
0
0
0
0
0
0
0
0
0
0
0
0
0
0
0
0
0
0
0
0
0
0
0
0
0
0
0
0
0
0
0
0
0
0
0
0
0
0
0
0
0
0
0
0